<?xml version="1.0" encoding="UTF-8"?>
<testng-results skipped="0" failed="0" ignored="0" total="0" passed="0">
  <reporter-output>
  </reporter-output>
  <suite name="All Test Suite" duration-ms="14701" started-at="2023-02-21T20:22:23 AST" finished-at="2023-02-21T20:22:37 AST">
    <groups>
    </groups>
    <test name="C:/appium_demos/Facebook" duration-ms="14701" started-at="2023-02-21T20:22:23 AST" finished-at="2023-02-21T20:22:37 AST">
      <class name="TestCases.TestBases">
        <test-method status="PASS" signature="setupDriver()[pri:0, instance:TestCases.TestBases@29d37757]" name="setupDriver" is-config="true" duration-ms="14644" started-at="2023-02-21T20:22:23 AST" finished-at="2023-02-21T20:22:37 AST">
          <reporter-output>
          </reporter-output>
        </test-method> <!-- setupDriver -->
      </class> <!-- TestCases.TestBases -->
    </test> <!-- C:/appium_demos/Facebook -->
  </suite> <!-- All Test Suite -->
</testng-results>
